<?xml version="1.0" encoding="UTF-8"?>
<testsuite xmlns:xsi="http://www.w3.org/2001/XMLSchema-instance" xsi:noNamespaceSchemaLocation="https://maven.apache.org/surefire/maven-surefire-plugin/xsd/surefire-test-report.xsd" version="3.0.1" name="autoTest.ContainerTest" time="0.061" tests="5" errors="0" skipped="0" failures="0">
  <properties>
[...]
</properties>
  <testcase name="correctNewProductData" classname="autoTest.ContainerTest" time="0.028"/>
  <testcase name="correctAmountOfProductsInTheContainerWhenRemovingAProduct" classname="autoTest.ContainerTest" time="0.004"/>
  <testcase name="correctAmountOfProductsInAContainerWhenAddingAnotherContainer" classname="autoTest.ContainerTest" time="0.001"/>
  <testcase name="theSumOfProductsWhenRemovingAContainerWithProductsFromAnotherContainerIsZero" classname="autoTest.ContainerTest" time="0.001"/>
  <testcase name="correctAmountOfProductsInTheContainerWhenAddingAProduct" classname="autoTest.ContainerTest" time="0.002"/>
</testsuite>