<?xml version="1.0" encoding="UTF-8"?>
<testsuite xmlns:xsi="http://www.w3.org/2001/XMLSchema-instance" xsi:noNamespaceSchemaLocation="https://maven.apache.org/surefire/maven-surefire-plugin/xsd/surefire-test-report.xsd" name="org.max.home.OrdersProductsTest" time="0.085" tests="6" errors="0" skipped="0" failures="0">
  <properties>
[...]
</properties>
  <testcase name="getOrdersProducts_whenValid_shouldReturn" classname="org.max.home.OrdersProductsTest" time="0.006"/>
  <testcase name="getOrdersProductsById_whenValid_shouldReturn{String, String}[1]" classname="org.max.home.OrdersProductsTest" time="0.001"/>
  <testcase name="getOrdersProductsById_whenValid_shouldReturn{String, String}[2]" classname="org.max.home.OrdersProductsTest" time="0.001"/>
  <testcase name="getOrdersProductsById_whenValid_shouldReturn{String, String}[3]" classname="org.max.home.OrdersProductsTest" time="0"/>
  <testcase name="addOrdersProducts_whenValid_shouldSave" classname="org.max.home.OrdersProductsTest" time="0.008"/>
  <testcase name="deleteOrdersProducts_whenValid_shouldDelete" classname="org.max.home.OrdersProductsTest" time="0.009"/>
</testsuite>